<?xml version="1.0" encoding="UTF-8"?>
<!-- Generated by org.testng.reporters.JUnitReportReporter -->
<testsuite skipped="0" hostname="MY-PC" name="com.qa.hubspot.tests.LoginPageTest" tests="3" failures="0" timestamp="22 May 2021 05:30:03 GMT" time="28.880" errors="0">
  <testcase name="verifyLogoTest" time="4.409" classname="com.qa.hubspot.tests.LoginPageTest"/>
  <testcase name="verifyLoginPageTitleTest" time="3.218" classname="com.qa.hubspot.tests.LoginPageTest"/>
  <testcase name="loginTest" time="21.253" classname="com.qa.hubspot.tests.LoginPageTest"/>
</testsuite> <!-- com.qa.hubspot.tests.LoginPageTest -->
