<?xml version="1.0" encoding="UTF-8"?>
<!-- Generated by org.testng.reporters.JUnitReportReporter -->
<testsuite skipped="0" hostname="MY-PC" name="com.qa.hubspot.tests.HomePageTest" tests="2" failures="0" timestamp="22 May 2021 05:30:03 GMT" time="4.766" errors="0">
  <testcase name="verifyManageLinkTest" time="4.676" classname="com.qa.hubspot.tests.HomePageTest"/>
  <testcase name="verifyHomePageTitleTest" time="0.090" classname="com.qa.hubspot.tests.HomePageTest"/>
</testsuite> <!-- com.qa.hubspot.tests.HomePageTest -->
